[debug] [2022-08-29T08:11:54.825Z] ----------------------------------------------------------------------
[debug] [2022-08-29T08:11:54.828Z] Command:       C:\Program Files\nodejs\node.exe C:\Users\학생용\AppData\Roaming\npm\node_modules\firebase-tools\lib\bin\firebase.js init
[debug] [2022-08-29T08:11:54.828Z] CLI Version:   11.8.0
[debug] [2022-08-29T08:11:54.828Z] Platform:      win32
[debug] [2022-08-29T08:11:54.829Z] Node Version:  v16.17.0
[debug] [2022-08-29T08:11:54.830Z] Time:          Mon Aug 29 2022 17:11:54 GMT+0900 (대한민국 표준시)
[debug] [2022-08-29T08:11:54.830Z] ----------------------------------------------------------------------
[debug] 
[debug] [2022-08-29T08:11:54.920Z] > command requires scopes: ["email","openid","https://www.googleapis.com/auth/cloudplatformprojects.readonly","https://www.googleapis.com/auth/firebase","https://www.googleapis.com/auth/cloud-platform"]
[debug] [2022-08-29T08:11:54.920Z] > authorizing via signed-in user (eungyeongsong75@gmail.com)
[info] 
     ######## #### ########  ######## ########     ###     ######  ########
     ##        ##  ##     ## ##       ##     ##  ##   ##  ##       ##
     ######    ##  ########  ######   ########  #########  ######  ######
     ##        ##  ##    ##  ##       ##     ## ##     ##       ## ##
     ##       #### ##     ## ######## ########  ##     ##  ######  ########

You're about to initialize a Firebase project in this directory:

  D:\학생방\eee\project5

Before we get started, keep in mind:

  * You are initializing within an existing Firebase project directory

[info] 
=== Project Setup
[info] 
[info] First, let's associate this project directory with a Firebase project.
[info] You can create multiple project aliases by running firebase use --add, 
[info] but for now we'll just set up a default project.
[info] 
[debug] [2022-08-29T08:11:59.882Z] Using project from CLI flag: maumagit-ef881
[debug] [2022-08-29T08:11:59.886Z] >>> [apiv2][query] GET https://firebase.googleapis.com/v1beta1/projects/maumagit-ef881 [none]
[debug] [2022-08-29T08:12:00.447Z] <<< [apiv2][status] GET https://firebase.googleapis.com/v1beta1/projects/maumagit-ef881 403
[debug] [2022-08-29T08:12:00.447Z] <<< [apiv2][body] GET https://firebase.googleapis.com/v1beta1/projects/maumagit-ef881 {"error":{"code":403,"message":"The caller does not have permission","status":"PERMISSION_DENIED"}}
[debug] [2022-08-29T08:12:00.448Z] HTTP Error: 403, The caller does not have permission
[debug] [2022-08-29T08:12:00.708Z] FirebaseError: HTTP Error: 403, The caller does not have permission
    at responseToError (C:\Users\학생용\AppData\Roaming\npm\node_modules\firebase-tools\lib\responseToError.js:49:12)
    at RetryOperation._fn (C:\Users\학생용\AppData\Roaming\npm\node_modules\firebase-tools\lib\apiv2.js:288:77)
    at processTicksAndRejections (node:internal/process/task_queues:96:5)
[error] 
[error] Error: Failed to get Firebase project maumagit-ef881. Please make sure the project exists and your account has permission to access it.
